<?xml version="1.0" encoding="UTF-8"?>
<testsuite xmlns:xsi="http://www.w3.org/2001/XMLSchema-instance" xsi:noNamespaceSchemaLocation="https://maven.apache.org/surefire/maven-surefire-plugin/xsd/surefire-test-report.xsd" name="org.apache.ignite.spark.JavaStandaloneIgniteRDDSelfTest" time="6.186" tests="5" errors="0" skipped="0" failures="0">
  <properties>
    <property name="awt.toolkit" value="sun.awt.X11.XToolkit"/>
    <property name="h2.objectCacheMaxPerElementSize" value="0"/>
    <property name="file.encoding.pkg" value="sun.io"/>
    <property name="java.specification.version" value="1.8"/>
    <property name="sun.cpu.isalist" value=""/>
    <property name="sun.jnu.encoding" value="UTF-8"/>
    <property name="java.class.path" value="/home/ravitejarockon1712/java_practice/maven_practice/apache-maven-3.5.4/boot/plexus-classworlds-2.5.2.jar"/>
    <property name="IGNITE_UPDATE_NOTIFIER" value="false"/>
    <property name="java.vm.vendor" value="Azul Systems, Inc."/>
    <property name="sun.arch.data.model" value="64"/>
    <property name="java.vendor.url" value="http://www.azulsystems.com/"/>
    <property name="user.timezone" value="UTC"/>
    <property name="maven.conf" value="/home/ravitejarockon1712/java_practice/maven_practice/apache-maven-3.5.4/conf"/>
    <property name="os.name" value="Linux"/>
    <property name="h2.serializeJavaObject" value="false"/>
    <property name="java.vm.specification.version" value="1.8"/>
    <property name="sun.java.launcher" value="SUN_STANDARD"/>
    <property name="user.country" value="US"/>
    <property name="sun.boot.library.path" value="/home/ravitejarockon1712/.sdkman/candidates/java/8.0.172-zulu/jre/lib/amd64"/>
    <property name="sun.java.command" value="org.codehaus.plexus.classworlds.launcher.Launcher package -rf :ignite-scalar"/>
    <property name="maven.home" value="/home/ravitejarockon1712/java_practice/maven_practice/apache-maven-3.5.4"/>
    <property name="IGNITE_DISCO_FAILED_CLIENT_RECONNECT_DELAY" value="1"/>
    <property name="surefire.test.class.path" value="/home/ravitejarockon1712/bigdata_envs/ignite_practice/apache-ignite-2.6.0-src/modules/spark/target/test-classes:/home/ravitejarockon1712/bigdata_envs/ignite_practice/apache-ignite-2.6.0-src/modules/spark/target/classes:/home/ravitejarockon1712/.m2/repository/org/apache/ignite/ignite-core/2.6.0/ignite-core-2.6.0.jar:/home/ravitejarockon1712/.m2/repository/javax/cache/cache-api/1.0.0/cache-api-1.0.0.jar:/home/ravitejarockon1712/.m2/repository/org/jetbrains/annotations/13.0/annotations-13.0.jar:/home/ravitejarockon1712/.m2/repository/org/gridgain/ignite-shmem/1.0.0/ignite-shmem-1.0.0.jar:/home/ravitejarockon1712/.m2/repository/org/apache/ignite/ignite-core/2.6.0/ignite-core-2.6.0-tests.jar:/home/ravitejarockon1712/.m2/repository/org/scala-lang/scala-library/2.11.8/scala-library-2.11.8.jar:/home/ravitejarockon1712/.m2/repository/org/scala-lang/scala-reflect/2.11.8/scala-reflect-2.11.8.jar:/home/ravitejarockon1712/.m2/repository/org/apache/spark/spark-core_2.11/2.3.0/spark-core_2.11-2.3.0.jar:/home/ravitejarockon1712/.m2/repository/org/apache/avro/avro/1.7.7/avro-1.7.7.jar:/home/ravitejarockon1712/.m2/repository/org/apache/avro/avro-mapred/1.7.7/avro-mapred-1.7.7-hadoop2.jar:/home/ravitejarockon1712/.m2/repository/org/apache/avro/avro-ipc/1.7.7/avro-ipc-1.7.7.jar:/home/ravitejarockon1712/.m2/repository/org/apache/avro/avro-ipc/1.7.7/avro-ipc-1.7.7-tests.jar:/home/ravitejarockon1712/.m2/repository/com/twitter/chill_2.11/0.8.4/chill_2.11-0.8.4.jar:/home/ravitejarockon1712/.m2/repository/com/esotericsoftware/kryo-shaded/3.0.3/kryo-shaded-3.0.3.jar:/home/ravitejarockon1712/.m2/repository/com/esotericsoftware/minlog/1.3.0/minlog-1.3.0.jar:/home/ravitejarockon1712/.m2/repository/org/objenesis/objenesis/2.1/objenesis-2.1.jar:/home/ravitejarockon1712/.m2/repository/com/twitter/chill-java/0.8.4/chill-java-0.8.4.jar:/home/ravitejarockon1712/.m2/repository/org/apache/xbean/xbean-asm5-shaded/4.4/xbean-asm5-shaded-4.4.jar:/home/ravitejarockon1712/.m2/repository/org/apache/hadoop/hadoop-client/2.6.5/hadoop-client-2.6.5.jar:/home/ravitejarockon1712/.m2/repository/org/apache/hadoop/hadoop-hdfs/2.6.5/hadoop-hdfs-2.6.5.jar:/home/ravitejarockon1712/.m2/repository/xerces/xercesImpl/2.9.1/xercesImpl-2.9.1.jar:/home/ravitejarockon1712/.m2/repository/xml-apis/xml-apis/1.3.04/xml-apis-1.3.04.jar:/home/ravitejarockon1712/.m2/repository/org/apache/hadoop/hadoop-mapreduce-client-app/2.6.5/hadoop-mapreduce-client-app-2.6.5.jar:/home/ravitejarockon1712/.m2/repository/org/apache/hadoop/hadoop-mapreduce-client-common/2.6.5/hadoop-mapreduce-client-common-2.6.5.jar:/home/ravitejarockon1712/.m2/repository/org/apache/hadoop/hadoop-yarn-client/2.6.5/hadoop-yarn-client-2.6.5.jar:/home/ravitejarockon1712/.m2/repository/org/apache/hadoop/hadoop-yarn-server-common/2.6.5/hadoop-yarn-server-common-2.6.5.jar:/home/ravitejarockon1712/.m2/repository/org/apache/hadoop/hadoop-mapreduce-client-shuffle/2.6.5/hadoop-mapreduce-client-shuffle-2.6.5.jar:/home/ravitejarockon1712/.m2/repository/org/apache/hadoop/hadoop-yarn-api/2.6.5/hadoop-yarn-api-2.6.5.jar:/home/ravitejarockon1712/.m2/repository/org/apache/hadoop/hadoop-mapreduce-client-core/2.6.5/hadoop-mapreduce-client-core-2.6.5.jar:/home/ravitejarockon1712/.m2/repository/org/apache/hadoop/hadoop-yarn-common/2.6.5/hadoop-yarn-common-2.6.5.jar:/home/ravitejarockon1712/.m2/repository/org/apache/hadoop/hadoop-mapreduce-client-jobclient/2.6.5/hadoop-mapreduce-client-jobclient-2.6.5.jar:/home/ravitejarockon1712/.m2/repository/org/apache/spark/spark-launcher_2.11/2.3.0/spark-launcher_2.11-2.3.0.jar:/home/ravitejarockon1712/.m2/repository/org/apache/spark/spark-kvstore_2.11/2.3.0/spark-kvstore_2.11-2.3.0.jar:/home/ravitejarockon1712/.m2/repository/com/fasterxml/jackson/core/jackson-core/2.6.7/jackson-core-2.6.7.jar:/home/ravitejarockon1712/.m2/repository/org/apache/spark/spark-unsafe_2.11/2.3.0/spark-unsafe_2.11-2.3.0.jar:/home/ravitejarockon1712/.m2/repository/net/java/dev/jets3t/jets3t/0.9.4/jets3t-0.9.4.jar:/home/ravitejarockon1712/.m2/repository/org/apache/httpcomponents/httpcore/4.4.1/httpcore-4.4.1.jar:/home/ravitejarockon1712/.m2/repository/org/apache/httpcomponents/httpclient/4.5/httpclient-4.5.jar:/home/ravitejarockon1712/.m2/repository/javax/activation/activation/1.1.1/activation-1.1.1.jar:/home/ravitejarockon1712/.m2/repository/org/bouncycastle/bcprov-jdk15on/1.52/bcprov-jdk15on-1.52.jar:/home/ravitejarockon1712/.m2/repository/com/jamesmurty/utils/java-xmlbuilder/1.1/java-xmlbuilder-1.1.jar:/home/ravitejarockon1712/.m2/repository/net/iharder/base64/2.3.8/base64-2.3.8.jar:/home/ravitejarockon1712/.m2/repository/org/apache/curator/curator-recipes/2.6.0/curator-recipes-2.6.0.jar:/home/ravitejarockon1712/.m2/repository/org/apache/curator/curator-framework/2.6.0/curator-framework-2.6.0.jar:/home/ravitejarockon1712/.m2/repository/javax/servlet/javax.servlet-api/3.1.0/javax.servlet-api-3.1.0.jar:/home/ravitejarockon1712/.m2/repository/org/apache/commons/commons-lang3/3.5/commons-lang3-3.5.jar:/home/ravitejarockon1712/.m2/repository/org/apache/commons/commons-math3/3.4.1/commons-math3-3.4.1.jar:/home/ravitejarockon1712/.m2/repository/com/google/code/findbugs/jsr305/1.3.9/jsr305-1.3.9.jar:/home/ravitejarockon1712/.m2/repository/org/slf4j/slf4j-api/1.7.16/slf4j-api-1.7.16.jar:/home/ravitejarockon1712/.m2/repository/org/slf4j/jul-to-slf4j/1.7.16/jul-to-slf4j-1.7.16.jar:/home/ravitejarockon1712/.m2/repository/org/slf4j/jcl-over-slf4j/1.7.16/jcl-over-slf4j-1.7.16.jar:/home/ravitejarockon1712/.m2/repository/log4j/log4j/1.2.17/log4j-1.2.17.jar:/home/ravitejarockon1712/.m2/repository/org/slf4j/slf4j-log4j12/1.7.16/slf4j-log4j12-1.7.16.jar:/home/ravitejarockon1712/.m2/repository/com/ning/compress-lzf/1.0.3/compress-lzf-1.0.3.jar:/home/ravitejarockon1712/.m2/repository/org/xerial/snappy/snappy-java/1.1.2.6/snappy-java-1.1.2.6.jar:/home/ravitejarockon1712/.m2/repository/org/lz4/lz4-java/1.4.0/lz4-java-1.4.0.jar:/home/ravitejarockon1712/.m2/repository/com/github/luben/zstd-jni/1.3.2-2/zstd-jni-1.3.2-2.jar:/home/ravitejarockon1712/.m2/repository/org/roaringbitmap/RoaringBitmap/0.5.11/RoaringBitmap-0.5.11.jar:/home/ravitejarockon1712/.m2/repository/commons-net/commons-net/2.2/commons-net-2.2.jar:/home/ravitejarockon1712/.m2/repository/org/json4s/json4s-jackson_2.11/3.2.11/json4s-jackson_2.11-3.2.11.jar:/home/ravitejarockon1712/.m2/repository/org/glassfish/jersey/core/jersey-client/2.22.2/jersey-client-2.22.2.jar:/home/ravitejarockon1712/.m2/repository/javax/ws/rs/javax.ws.rs-api/2.0.1/javax.ws.rs-api-2.0.1.jar:/home/ravitejarockon1712/.m2/repository/org/glassfish/hk2/hk2-api/2.4.0-b34/hk2-api-2.4.0-b34.jar:/home/ravitejarockon1712/.m2/repository/org/glassfish/hk2/hk2-utils/2.4.0-b34/hk2-utils-2.4.0-b34.jar:/home/ravitejarockon1712/.m2/repository/org/glassfish/hk2/external/aopalliance-repackaged/2.4.0-b34/aopalliance-repackaged-2.4.0-b34.jar:/home/ravitejarockon1712/.m2/repository/org/glassfish/hk2/external/javax.inject/2.4.0-b34/javax.inject-2.4.0-b34.jar:/home/ravitejarockon1712/.m2/repository/org/glassfish/hk2/hk2-locator/2.4.0-b34/hk2-locator-2.4.0-b34.jar:/home/ravitejarockon1712/.m2/repository/org/javassist/javassist/3.18.1-GA/javassist-3.18.1-GA.jar:/home/ravitejarockon1712/.m2/repository/org/glassfish/jersey/core/jersey-common/2.22.2/jersey-common-2.22.2.jar:/home/ravitejarockon1712/.m2/repository/javax/annotation/javax.annotation-api/1.2/javax.annotation-api-1.2.jar:/home/ravitejarockon1712/.m2/repository/org/glassfish/jersey/bundles/repackaged/jersey-guava/2.22.2/jersey-guava-2.22.2.jar:/home/ravitejarockon1712/.m2/repository/org/glassfish/hk2/osgi-resource-locator/1.0.1/osgi-resource-locator-1.0.1.jar:/home/ravitejarockon1712/.m2/repository/org/glassfish/jersey/core/jersey-server/2.22.2/jersey-server-2.22.2.jar:/home/ravitejarockon1712/.m2/repository/org/glassfish/jersey/media/jersey-media-jaxb/2.22.2/jersey-media-jaxb-2.22.2.jar:/home/ravitejarockon1712/.m2/repository/javax/validation/validation-api/1.1.0.Final/validation-api-1.1.0.Final.jar:/home/ravitejarockon1712/.m2/repository/org/glassfish/jersey/containers/jersey-container-servlet/2.22.2/jersey-container-servlet-2.22.2.jar:/home/ravitejarockon1712/.m2/repository/org/glassfish/jersey/containers/jersey-container-servlet-core/2.22.2/jersey-container-servlet-core-2.22.2.jar:/home/ravitejarockon1712/.m2/repository/io/netty/netty-all/4.1.17.Final/netty-all-4.1.17.Final.jar:/home/ravitejarockon1712/.m2/repository/io/netty/netty/3.9.9.Final/netty-3.9.9.Final.jar:/home/ravitejarockon1712/.m2/repository/com/clearspring/analytics/stream/2.7.0/stream-2.7.0.jar:/home/ravitejarockon1712/.m2/repository/io/dropwizard/metrics/metrics-core/3.1.5/metrics-core-3.1.5.jar:/home/ravitejarockon1712/.m2/repository/io/dropwizard/metrics/metrics-jvm/3.1.5/metrics-jvm-3.1.5.jar:/home/ravitejarockon1712/.m2/repository/io/dropwizard/metrics/metrics-json/3.1.5/metrics-json-3.1.5.jar:/home/ravitejarockon1712/.m2/repository/io/dropwizard/metrics/metrics-graphite/3.1.5/metrics-graphite-3.1.5.jar:/home/ravitejarockon1712/.m2/repository/com/fasterxml/jackson/core/jackson-databind/2.6.7.1/jackson-databind-2.6.7.1.jar:/home/ravitejarockon1712/.m2/repository/com/fasterxml/jackson/module/jackson-module-scala_2.11/2.6.7.1/jackson-module-scala_2.11-2.6.7.1.jar:/home/ravitejarockon1712/.m2/repository/com/fasterxml/jackson/module/jackson-module-paranamer/2.7.9/jackson-module-paranamer-2.7.9.jar:/home/ravitejarockon1712/.m2/repository/org/apache/ivy/ivy/2.4.0/ivy-2.4.0.jar:/home/ravitejarockon1712/.m2/repository/oro/oro/2.0.8/oro-2.0.8.jar:/home/ravitejarockon1712/.m2/repository/net/razorvine/pyrolite/4.13/pyrolite-4.13.jar:/home/ravitejarockon1712/.m2/repository/net/sf/py4j/py4j/0.10.6/py4j-0.10.6.jar:/home/ravitejarockon1712/.m2/repository/org/apache/commons/commons-crypto/1.0.0/commons-crypto-1.0.0.jar:/home/ravitejarockon1712/.m2/repository/org/spark-project/spark/unused/1.0.0/unused-1.0.0.jar:/home/ravitejarockon1712/.m2/repository/org/apache/spark/spark-catalyst_2.11/2.3.0/spark-catalyst_2.11-2.3.0.jar:/home/ravitejarockon1712/.m2/repository/org/scala-lang/modules/scala-parser-combinators_2.11/1.0.4/scala-parser-combinators_2.11-1.0.4.jar:/home/ravitejarockon1712/.m2/repository/org/apache/spark/spark-sketch_2.11/2.3.0/spark-sketch_2.11-2.3.0.jar:/home/ravitejarockon1712/.m2/repository/org/codehaus/janino/janino/3.0.8/janino-3.0.8.jar:/home/ravitejarockon1712/.m2/repository/org/codehaus/janino/commons-compiler/3.0.8/commons-compiler-3.0.8.jar:/home/ravitejarockon1712/.m2/repository/org/antlr/antlr4-runtime/4.7/antlr4-runtime-4.7.jar:/home/ravitejarockon1712/.m2/repository/org/apache/spark/spark-sql_2.11/2.3.0/spark-sql_2.11-2.3.0.jar:/home/ravitejarockon1712/.m2/repository/com/univocity/univocity-parsers/2.5.9/univocity-parsers-2.5.9.jar:/home/ravitejarockon1712/.m2/repository/org/apache/orc/orc-core/1.4.1/orc-core-1.4.1-nohive.jar:/home/ravitejarockon1712/.m2/repository/io/airlift/aircompressor/0.8/aircompressor-0.8.jar:/home/ravitejarockon1712/.m2/repository/org/apache/orc/orc-mapreduce/1.4.1/orc-mapreduce-1.4.1-nohive.jar:/home/ravitejarockon1712/.m2/repository/org/apache/parquet/parquet-column/1.8.2/parquet-column-1.8.2.jar:/home/ravitejarockon1712/.m2/repository/org/apache/parquet/parquet-common/1.8.2/parquet-common-1.8.2.jar:/home/ravitejarockon1712/.m2/repository/org/apache/parquet/parquet-encoding/1.8.2/parquet-encoding-1.8.2.jar:/home/ravitejarockon1712/.m2/repository/org/apache/parquet/parquet-hadoop/1.8.2/parquet-hadoop-1.8.2.jar:/home/ravitejarockon1712/.m2/repository/org/apache/parquet/parquet-format/2.3.1/parquet-format-2.3.1.jar:/home/ravitejarockon1712/.m2/repository/org/apache/parquet/parquet-jackson/1.8.2/parquet-jackson-1.8.2.jar:/home/ravitejarockon1712/.m2/repository/org/apache/arrow/arrow-vector/0.8.0/arrow-vector-0.8.0.jar:/home/ravitejarockon1712/.m2/repository/org/apache/arrow/arrow-format/0.8.0/arrow-format-0.8.0.jar:/home/ravitejarockon1712/.m2/repository/org/apache/arrow/arrow-memory/0.8.0/arrow-memory-0.8.0.jar:/home/ravitejarockon1712/.m2/repository/joda-time/joda-time/2.9.9/joda-time-2.9.9.jar:/home/ravitejarockon1712/.m2/repository/com/carrotsearch/hppc/0.7.2/hppc-0.7.2.jar:/home/ravitejarockon1712/.m2/repository/com/vlkan/flatbuffers/1.2.0-3f79e055/flatbuffers-1.2.0-3f79e055.jar:/home/ravitejarockon1712/.m2/repository/org/apache/spark/spark-network-common_2.11/2.3.0/spark-network-common_2.11-2.3.0.jar:/home/ravitejarockon1712/.m2/repository/org/fusesource/leveldbjni/leveldbjni-all/1.8/leveldbjni-all-1.8.jar:/home/ravitejarockon1712/.m2/repository/org/apache/spark/spark-network-shuffle_2.11/2.3.0/spark-network-shuffle_2.11-2.3.0.jar:/home/ravitejarockon1712/.m2/repository/org/apache/spark/spark-tags_2.11/2.3.0/spark-tags_2.11-2.3.0.jar:/home/ravitejarockon1712/.m2/repository/org/apache/hadoop/hadoop-common/2.6.5/hadoop-common-2.6.5.jar:/home/ravitejarockon1712/.m2/repository/org/apache/hadoop/hadoop-annotations/2.6.5/hadoop-annotations-2.6.5.jar:/home/ravitejarockon1712/.sdkman/candidates/java/8.0.172-zulu/jre/../lib/tools.jar:/home/ravitejarockon1712/.m2/repository/com/google/guava/guava/11.0.2/guava-11.0.2.jar:/home/ravitejarockon1712/.m2/repository/commons-cli/commons-cli/1.2/commons-cli-1.2.jar:/home/ravitejarockon1712/.m2/repository/xmlenc/xmlenc/0.52/xmlenc-0.52.jar:/home/ravitejarockon1712/.m2/repository/commons-httpclient/commons-httpclient/3.1/commons-httpclient-3.1.jar:/home/ravitejarockon1712/.m2/repository/commons-io/commons-io/2.4/commons-io-2.4.jar:/home/ravitejarockon1712/.m2/repository/commons-collections/commons-collections/3.2.2/commons-collections-3.2.2.jar:/home/ravitejarockon1712/.m2/repository/javax/servlet/servlet-api/2.5/servlet-api-2.5.jar:/home/ravitejarockon1712/.m2/repository/org/mortbay/jetty/jetty/6.1.26/jetty-6.1.26.jar:/home/ravitejarockon1712/.m2/repository/org/mortbay/jetty/jetty-util/6.1.26/jetty-util-6.1.26.jar:/home/ravitejarockon1712/.m2/repository/com/sun/jersey/jersey-core/1.9/jersey-core-1.9.jar:/home/ravitejarockon1712/.m2/repository/com/sun/jersey/jersey-json/1.9/jersey-json-1.9.jar:/home/ravitejarockon1712/.m2/repository/org/codehaus/jettison/jettison/1.1/jettison-1.1.jar:/home/ravitejarockon1712/.m2/repository/com/sun/xml/bind/jaxb-impl/2.2.3-1/jaxb-impl-2.2.3-1.jar:/home/ravitejarockon1712/.m2/repository/javax/xml/bind/jaxb-api/2.2.2/jaxb-api-2.2.2.jar:/home/ravitejarockon1712/.m2/repository/javax/xml/stream/stax-api/1.0-2/stax-api-1.0-2.jar:/home/ravitejarockon1712/.m2/repository/org/codehaus/jackson/jackson-jaxrs/1.8.3/jackson-jaxrs-1.8.3.jar:/home/ravitejarockon1712/.m2/repository/org/codehaus/jackson/jackson-xc/1.8.3/jackson-xc-1.8.3.jar:/home/ravitejarockon1712/.m2/repository/com/sun/jersey/jersey-server/1.9/jersey-server-1.9.jar:/home/ravitejarockon1712/.m2/repository/asm/asm/3.1/asm-3.1.jar:/home/ravitejarockon1712/.m2/repository/tomcat/jasper-compiler/5.5.23/jasper-compiler-5.5.23.jar:/home/ravitejarockon1712/.m2/repository/tomcat/jasper-runtime/5.5.23/jasper-runtime-5.5.23.jar:/home/ravitejarockon1712/.m2/repository/javax/servlet/jsp/jsp-api/2.1/jsp-api-2.1.jar:/home/ravitejarockon1712/.m2/repository/commons-el/commons-el/1.0/commons-el-1.0.jar:/home/ravitejarockon1712/.m2/repository/commons-logging/commons-logging/1.1.3/commons-logging-1.1.3.jar:/home/ravitejarockon1712/.m2/repository/commons-lang/commons-lang/2.6/commons-lang-2.6.jar:/home/ravitejarockon1712/.m2/repository/commons-configuration/commons-configuration/1.6/commons-configuration-1.6.jar:/home/ravitejarockon1712/.m2/repository/commons-digester/commons-digester/1.8/commons-digester-1.8.jar:/home/ravitejarockon1712/.m2/repository/org/codehaus/jackson/jackson-core-asl/1.9.13/jackson-core-asl-1.9.13.jar:/home/ravitejarockon1712/.m2/repository/org/codehaus/jackson/jackson-mapper-asl/1.9.13/jackson-mapper-asl-1.9.13.jar:/home/ravitejarockon1712/.m2/repository/com/google/protobuf/protobuf-java/2.5.0/protobuf-java-2.5.0.jar:/home/ravitejarockon1712/.m2/repository/com/google/code/gson/gson/2.2.4/gson-2.2.4.jar:/home/ravitejarockon1712/.m2/repository/org/apache/hadoop/hadoop-auth/2.6.5/hadoop-auth-2.6.5.jar:/home/ravitejarockon1712/.m2/repository/org/apache/directory/server/apacheds-kerberos-codec/2.0.0-M15/apacheds-kerberos-codec-2.0.0-M15.jar:/home/ravitejarockon1712/.m2/repository/org/apache/directory/server/apacheds-i18n/2.0.0-M15/apacheds-i18n-2.0.0-M15.jar:/home/ravitejarockon1712/.m2/repository/org/apache/directory/api/api-asn1-api/1.0.0-M20/api-asn1-api-1.0.0-M20.jar:/home/ravitejarockon1712/.m2/repository/org/apache/directory/api/api-util/1.0.0-M20/api-util-1.0.0-M20.jar:/home/ravitejarockon1712/.m2/repository/com/jcraft/jsch/0.1.42/jsch-0.1.42.jar:/home/ravitejarockon1712/.m2/repository/org/apache/curator/curator-client/2.6.0/curator-client-2.6.0.jar:/home/ravitejarockon1712/.m2/repository/org/htrace/htrace-core/3.0.4/htrace-core-3.0.4.jar:/home/ravitejarockon1712/.m2/repository/org/apache/zookeeper/zookeeper/3.4.6/zookeeper-3.4.6.jar:/home/ravitejarockon1712/.m2/repository/org/apache/commons/commons-compress/1.4.1/commons-compress-1.4.1.jar:/home/ravitejarockon1712/.m2/repository/org/tukaani/xz/1.0/xz-1.0.jar:/home/ravitejarockon1712/.m2/repository/com/fasterxml/jackson/core/jackson-annotations/2.6.5/jackson-annotations-2.6.5.jar:/home/ravitejarockon1712/.m2/repository/org/json4s/json4s-core_2.11/3.5.0/json4s-core_2.11-3.5.0.jar:/home/ravitejarockon1712/.m2/repository/org/json4s/json4s-ast_2.11/3.5.0/json4s-ast_2.11-3.5.0.jar:/home/ravitejarockon1712/.m2/repository/org/json4s/json4s-scalap_2.11/3.5.0/json4s-scalap_2.11-3.5.0.jar:/home/ravitejarockon1712/.m2/repository/com/thoughtworks/paranamer/paranamer/2.8/paranamer-2.8.jar:/home/ravitejarockon1712/.m2/repository/org/scala-lang/modules/scala-xml_2.11/1.0.6/scala-xml_2.11-1.0.6.jar:/home/ravitejarockon1712/.m2/repository/org/apache/ignite/ignite-indexing/2.6.0/ignite-indexing-2.6.0.jar:/home/ravitejarockon1712/.m2/repository/commons-codec/commons-codec/1.11/commons-codec-1.11.jar:/home/ravitejarockon1712/.m2/repository/org/apache/lucene/lucene-core/5.5.2/lucene-core-5.5.2.jar:/home/ravitejarockon1712/.m2/repository/org/apache/lucene/lucene-analyzers-common/5.5.2/lucene-analyzers-common-5.5.2.jar:/home/ravitejarockon1712/.m2/repository/org/apache/lucene/lucene-queryparser/5.5.2/lucene-queryparser-5.5.2.jar:/home/ravitejarockon1712/.m2/repository/org/apache/lucene/lucene-queries/5.5.2/lucene-queries-5.5.2.jar:/home/ravitejarockon1712/.m2/repository/org/apache/lucene/lucene-sandbox/5.5.2/lucene-sandbox-5.5.2.jar:/home/ravitejarockon1712/.m2/repository/com/h2database/h2/1.4.195/h2-1.4.195.jar:/home/ravitejarockon1712/.m2/repository/org/apache/ignite/ignite-spring/2.6.0/ignite-spring-2.6.0.jar:/home/ravitejarockon1712/.m2/repository/org/springframework/spring-core/4.3.16.RELEASE/spring-core-4.3.16.RELEASE.jar:/home/ravitejarockon1712/.m2/repository/org/springframework/spring-aop/4.3.16.RELEASE/spring-aop-4.3.16.RELEASE.jar:/home/ravitejarockon1712/.m2/repository/org/springframework/spring-beans/4.3.16.RELEASE/spring-beans-4.3.16.RELEASE.jar:/home/ravitejarockon1712/.m2/repository/org/springframework/spring-context/4.3.16.RELEASE/spring-context-4.3.16.RELEASE.jar:/home/ravitejarockon1712/.m2/repository/org/springframework/spring-expression/4.3.16.RELEASE/spring-expression-4.3.16.RELEASE.jar:/home/ravitejarockon1712/.m2/repository/org/springframework/spring-tx/4.3.16.RELEASE/spring-tx-4.3.16.RELEASE.jar:/home/ravitejarockon1712/.m2/repository/org/springframework/spring-jdbc/4.3.16.RELEASE/spring-jdbc-4.3.16.RELEASE.jar:/home/ravitejarockon1712/.m2/repository/org/apache/ignite/ignite-log4j/2.6.0/ignite-log4j-2.6.0.jar:/home/ravitejarockon1712/.m2/repository/org/scalatest/scalatest_2.11/2.2.6/scalatest_2.11-2.2.6.jar:/home/ravitejarockon1712/.m2/repository/junit/junit/4.11/junit-4.11.jar:/home/ravitejarockon1712/.m2/repository/org/hamcrest/hamcrest-core/1.3/hamcrest-core-1.3.jar:/home/ravitejarockon1712/.sdkman/candidates/java/8.0.172-zulu/jre/../lib/tools.jar:"/>
    <property name="sun.cpu.endian" value="little"/>
    <property name="user.home" value="/home/ravitejarockon1712"/>
    <property name="user.language" value="en"/>
    <property name="java.specification.vendor" value="Oracle Corporation"/>
    <property name="java.home" value="/home/ravitejarockon1712/.sdkman/candidates/java/8.0.172-zulu/jre"/>
    <property name="file.separator" value="/"/>
    <property name="basedir" value="/home/ravitejarockon1712/bigdata_envs/ignite_practice/apache-ignite-2.6.0-src/modules/spark"/>
    <property name="IGNITE_CLIENT_CACHE_CHANGE_MESSAGE_TIMEOUT" value="1000"/>
    <property name="line.separator" value="&#10;"/>
    <property name="java.vm.specification.vendor" value="Oracle Corporation"/>
    <property name="java.specification.name" value="Java Platform API Specification"/>
    <property name="IGNITE_ATOMIC_CACHE_DELETE_HISTORY_SIZE" value="10000"/>
    <property name="h2.objectCache" value="false"/>
    <property name="java.awt.graphicsenv" value="sun.awt.X11GraphicsEnvironment"/>
    <property name="IGNITE_HOME" value="/home/ravitejarockon1712/bigdata_envs/ignite_practice/apache-ignite-2.6.0-src"/>
    <property name="sun.boot.class.path" value="/home/ravitejarockon1712/.sdkman/candidates/java/8.0.172-zulu/jre/lib/resources.jar:/home/ravitejarockon1712/.sdkman/candidates/java/8.0.172-zulu/jre/lib/rt.jar:/home/ravitejarockon1712/.sdkman/candidates/java/8.0.172-zulu/jre/lib/sunrsasign.jar:/home/ravitejarockon1712/.sdkman/candidates/java/8.0.172-zulu/jre/lib/jsse.jar:/home/ravitejarockon1712/.sdkman/candidates/java/8.0.172-zulu/jre/lib/jce.jar:/home/ravitejarockon1712/.sdkman/candidates/java/8.0.172-zulu/jre/lib/charsets.jar:/home/ravitejarockon1712/.sdkman/candidates/java/8.0.172-zulu/jre/lib/jfr.jar:/home/ravitejarockon1712/.sdkman/candidates/java/8.0.172-zulu/jre/classes"/>
    <property name="sun.management.compiler" value="HotSpot 64-Bit Tiered Compilers"/>
    <property name="java.runtime.version" value="1.8.0_172-b01"/>
    <property name="user.name" value="ravitejarockon1712"/>
    <property name="path.separator" value=":"/>
    <property name="securerandom.source" value="file:/dev/./urandom"/>
    <property name="os.version" value="3.10.0-862.9.1.el7.x86_64"/>
    <property name="java.endorsed.dirs" value="/home/ravitejarockon1712/.sdkman/candidates/java/8.0.172-zulu/jre/lib/endorsed"/>
    <property name="java.runtime.name" value="OpenJDK Runtime Environment"/>
    <property name="file.encoding" value="UTF-8"/>
    <property name="guice.disable.misplaced.annotation.check" value="true"/>
    <property name="sun.nio.ch.bugLevel" value=""/>
    <property name="java.vm.name" value="OpenJDK 64-Bit Server VM"/>
    <property name="localRepository" value="/home/ravitejarockon1712/.m2/repository"/>
    <property name="java.vendor.url.bug" value="http://www.azulsystems.com/support/"/>
    <property name="java.io.tmpdir" value="/tmp"/>
    <property name="java.version" value="1.8.0_172"/>
    <property name="user.dir" value="/home/ravitejarockon1712/bigdata_envs/ignite_practice/apache-ignite-2.6.0-src/modules/spark"/>
    <property name="os.arch" value="amd64"/>
    <property name="maven.multiModuleProjectDirectory" value="/home/ravitejarockon1712/bigdata_envs/ignite_practice/apache-ignite-2.6.0-src"/>
    <property name="java.vm.specification.name" value="Java Virtual Machine Specification"/>
    <property name="java.awt.printerjob" value="sun.print.PSPrinterJob"/>
    <property name="sun.os.patch.level" value="unknown"/>
    <property name="java.library.path" value="/usr/java/packages/lib/amd64:/usr/lib64:/lib64:/lib:/usr/lib"/>
    <property name="java.vendor" value="Azul Systems, Inc."/>
    <property name="java.vm.info" value="mixed mode"/>
    <property name="java.vm.version" value="25.172-b01"/>
    <property name="classworlds.conf" value="/home/ravitejarockon1712/java_practice/maven_practice/apache-maven-3.5.4/bin/m2.conf"/>
    <property name="sun.io.unicode.encoding" value="UnicodeLittle"/>
    <property name="java.ext.dirs" value="/home/ravitejarockon1712/.sdkman/candidates/java/8.0.172-zulu/jre/lib/ext:/usr/java/packages/lib/ext"/>
    <property name="library.jansi.path" value="/home/ravitejarockon1712/java_practice/maven_practice/apache-maven-3.5.4/lib/jansi-native"/>
    <property name="java.class.version" value="52.0"/>
    <property name="http.strictPostRedirect" value="true"/>
    <property name="h2.optimizeTwoEquals" value="false"/>
  </properties>
  <testcase name="testReadDataFromIgnite" classname="org.apache.ignite.spark.JavaStandaloneIgniteRDDSelfTest" time="2.269"/>
  <testcase name="testAllFieldsTypes" classname="org.apache.ignite.spark.JavaStandaloneIgniteRDDSelfTest" time="1.609"/>
  <testcase name="testQueryObjectsFromIgnite" classname="org.apache.ignite.spark.JavaStandaloneIgniteRDDSelfTest" time="0.469"/>
  <testcase name="testQueryFieldsFromIgnite" classname="org.apache.ignite.spark.JavaStandaloneIgniteRDDSelfTest" time="0.528"/>
  <testcase name="testStoreDataToIgnite" classname="org.apache.ignite.spark.JavaStandaloneIgniteRDDSelfTest" time="1.268"/>
</testsuite>